<?xml version="1.0" encoding="UTF-8"?>
<!-- Generated by org.testng.reporters.JUnitReportReporter -->
<testsuite hostname="LAPTOP-CGUJBJB4" failures="0" tests="1" name="filterSectionTestcases.TC_107_Check_Customize_Option_Functionality" time="9.201" errors="0" timestamp="2023-08-17T18:40:48 IST" skipped="0">
  <testcase classname="filterSectionTestcases.TC_107_Check_Customize_Option_Functionality" name="check_custom_sizes_Test" time="9.201"/>
</testsuite> <!-- filterSectionTestcases.TC_107_Check_Customize_Option_Functionality -->
