<?xml version="1.0" encoding="UTF-8"?>
<!-- Generated by org.testng.reporters.JUnitReportReporter -->
<testsuite hostname="LAPTOP-CGUJBJB4" failures="0" tests="1" name="PDP_SectionTestcases.TC_131_Check_enter_different_values_ft_cms" time="18.450" errors="0" timestamp="2023-09-13T18:59:59 IST" skipped="0">
  <testcase classname="PDP_SectionTestcases.TC_131_Check_enter_different_values_ft_cms" name="check_enter_different_value_ft_cms_Test" time="18.450"/>
</testsuite> <!-- PDP_SectionTestcases.TC_131_Check_enter_different_values_ft_cms -->
