<?xml version="1.0" encoding="UTF-8"?>
<!-- Generated by org.testng.reporters.JUnitReportReporter -->
<testsuite hostname="LAPTOP-CGUJBJB4" failures="0" tests="1" name="PDPpagetTestcases.TC_161_Check_handknotted_rugtype_default_rug_material_displays" time="13.599" errors="0" timestamp="2023-09-28T20:03:06 IST" skipped="0">
  <testcase classname="PDPpagetTestcases.TC_161_Check_handknotted_rugtype_default_rug_material_displays" name="checkhandknottedrugtype_default_materials" time="13.599"/>
</testsuite> <!-- PDPpagetTestcases.TC_161_Check_handknotted_rugtype_default_rug_material_displays -->
