<?xml version="1.0" encoding="UTF-8"?>
<!-- Generated by org.testng.reporters.JUnitReportReporter -->
<testsuite hostname="LAPTOP-CGUJBJB4" failures="0" tests="1" name="PDP_SectionTestcases.TC_127_Check_price_changing_when_colors_add_or_removed" time="8.817" errors="0" timestamp="2023-09-13T18:59:59 IST" skipped="0">
  <testcase classname="PDP_SectionTestcases.TC_127_Check_price_changing_when_colors_add_or_removed" name="check_price_changed_colors_added_Test" time="8.817"/>
</testsuite> <!-- PDP_SectionTestcases.TC_127_Check_price_changing_when_colors_add_or_removed -->
