<?xml version="1.0" encoding="UTF-8"?>
<!-- Generated by org.testng.reporters.JUnitReportReporter -->
<testsuite hostname="LAPTOP-CGUJBJB4" failures="0" tests="1" name="homepagetestcases.TC_079_Check_all_handmade_Custom_rugs" time="52.736" errors="0" timestamp="2023-09-22T19:59:09 IST" skipped="0">
  <testcase classname="homepagetestcases.TC_079_Check_all_handmade_Custom_rugs" name="check_all_handmade_custom_rugs_Test" time="52.736"/>
</testsuite> <!-- homepagetestcases.TC_079_Check_all_handmade_Custom_rugs -->
