<?xml version="1.0" encoding="UTF-8"?>
<!-- Generated by org.testng.reporters.JUnitReportReporter -->
<testsuite hostname="LAPTOP-CGUJBJB4" failures="0" tests="1" name="Ordersample_SectionTestcases.TC_123_Check_Pastel_color_name_displays_when_mousehover" time="19.586" errors="0" timestamp="2023-09-22T19:59:09 IST" skipped="0">
  <testcase classname="Ordersample_SectionTestcases.TC_123_Check_Pastel_color_name_displays_when_mousehover" name="check_pastel_color_name_displays_mousehover_Test" time="19.586"/>
</testsuite> <!-- Ordersample_SectionTestcases.TC_123_Check_Pastel_color_name_displays_when_mousehover -->
