<?xml version="1.0" encoding="UTF-8"?>
<!-- Generated by org.testng.reporters.JUnitReportReporter -->
<testsuite hostname="LAPTOP-CGUJBJB4" failures="0" tests="1" name="PDPpagetTestcases.TC_142_Check_color_suggestion_close_button" time="10.152" errors="0" timestamp="2023-09-22T19:59:09 IST" skipped="0">
  <testcase classname="PDPpagetTestcases.TC_142_Check_color_suggestion_close_button" name="check_close_button_functionality_Test" time="10.152"/>
</testsuite> <!-- PDPpagetTestcases.TC_142_Check_color_suggestion_close_button -->
