<?xml version="1.0" encoding="UTF-8"?>
<!-- Generated by org.testng.reporters.JUnitReportReporter -->
<testsuite hostname="LAPTOP-CGUJBJB4" failures="0" tests="1" name="PDP_SectionTestcases.TC_136_Check_order_samples_email_popup_addto_cart" time="22.613" errors="0" timestamp="2023-09-13T18:59:59 IST" skipped="0">
  <testcase classname="PDP_SectionTestcases.TC_136_Check_order_samples_email_popup_addto_cart" name="check_order_sample_email_popup_addto_cart_Test" time="22.613"/>
</testsuite> <!-- PDP_SectionTestcases.TC_136_Check_order_samples_email_popup_addto_cart -->
