<?xml version="1.0" encoding="UTF-8"?>
<!-- Generated by org.testng.reporters.JUnitReportReporter -->
<testsuite hostname="LAPTOP-CGUJBJB4" failures="0" tests="1" name="PDPpagetTestcases.TC_151_Check_diamond_shape_length_double_as_width" time="13.589" errors="0" timestamp="2023-09-22T20:35:59 IST" skipped="0">
  <testcase classname="PDPpagetTestcases.TC_151_Check_diamond_shape_length_double_as_width" name="check_diamondshape_length_gets_double" time="13.589"/>
</testsuite> <!-- PDPpagetTestcases.TC_151_Check_diamond_shape_length_double_as_width -->
