<?xml version="1.0" encoding="UTF-8"?>
<!-- Generated by org.testng.reporters.JUnitReportReporter -->
<testsuite hostname="LAPTOP-CGUJBJB4" failures="0" tests="1" name="PDP_SectionTestcases.TC_137_Check_order_samples_remove_all_colors_verify_error_msg" time="11.347" errors="0" timestamp="2023-09-13T18:59:59 IST" skipped="0">
  <testcase classname="PDP_SectionTestcases.TC_137_Check_order_samples_remove_all_colors_verify_error_msg" name="check_order_sample_email_popup_addto_cart_Test" time="11.347"/>
</testsuite> <!-- PDP_SectionTestcases.TC_137_Check_order_samples_remove_all_colors_verify_error_msg -->
