<?xml version="1.0" encoding="UTF-8"?>
<!-- Generated by org.testng.reporters.JUnitReportReporter -->
<testsuite hostname="LAPTOP-CGUJBJB4" failures="0" tests="1" name="PDPpagetTestcases.TC_141_Check_color_suggestion_scroll" time="24.161" errors="0" timestamp="2023-09-22T19:59:09 IST" skipped="0">
  <testcase classname="PDPpagetTestcases.TC_141_Check_color_suggestion_scroll" name="check_close_button_functionality_Test" time="24.161"/>
</testsuite> <!-- PDPpagetTestcases.TC_141_Check_color_suggestion_scroll -->
