<?xml version="1.0" encoding="UTF-8"?>
<!-- Generated by org.testng.reporters.JUnitReportReporter -->
<testsuite hostname="LAPTOP-CGUJBJB4" failures="0" tests="1" name="PDP_SectionTestcases.TC_109_Check_all_default_options" time="10.012" errors="0" timestamp="2023-09-13T18:59:59 IST" skipped="0">
  <testcase classname="PDP_SectionTestcases.TC_109_Check_all_default_options" name="check_all_default_options_Test" time="10.012"/>
</testsuite> <!-- PDP_SectionTestcases.TC_109_Check_all_default_options -->
