<?xml version="1.0" encoding="UTF-8"?>
<!-- Generated by org.testng.reporters.JUnitReportReporter -->
<testsuite hostname="LAPTOP-CGUJBJB4" failures="0" tests="1" name="homepagetestcases.TC_040_Check_Plains_link_RugStyle_Click_all_Shapes" time="5.536" errors="0" timestamp="2023-09-22T19:59:09 IST" skipped="0">
  <testcase classname="homepagetestcases.TC_040_Check_Plains_link_RugStyle_Click_all_Shapes" name="check_plains_link_in_collection_click_all_shapes_Test" time="5.536"/>
</testsuite> <!-- homepagetestcases.TC_040_Check_Plains_link_RugStyle_Click_all_Shapes -->
