<?xml version="1.0" encoding="UTF-8"?>
<!-- Generated by org.testng.reporters.JUnitReportReporter -->
<testsuite hostname="LAPTOP-CGUJBJB4" failures="0" tests="1" name="filterSectionTestcases.TC_097_Check_Size_Cm_range_error_msg" time="8.039" errors="0" timestamp="2023-09-22T19:59:09 IST" skipped="0">
  <testcase classname="filterSectionTestcases.TC_097_Check_Size_Cm_range_error_msg" name="check_size_cms_Test" time="8.039"/>
</testsuite> <!-- filterSectionTestcases.TC_097_Check_Size_Cm_range_error_msg -->
