<?xml version="1.0" encoding="UTF-8"?>
<!-- Generated by org.testng.reporters.JUnitReportReporter -->
<testsuite hostname="LAPTOP-CGUJBJB4" failures="0" tests="1" name="filterSectionTestcases.TC_095_Check_Size_accepts_special_character_or_not" time="5.572" errors="0" timestamp="2023-08-10T16:48:55 IST" skipped="0">
  <testcase classname="filterSectionTestcases.TC_095_Check_Size_accepts_special_character_or_not" name="check_Size_accepts_special_character_Test" time="5.572"/>
</testsuite> <!-- filterSectionTestcases.TC_095_Check_Size_accepts_special_character_or_not -->
