<?xml version="1.0" encoding="UTF-8"?>
<!-- Generated by org.testng.reporters.JUnitReportReporter -->
<testsuite hostname="LAPTOP-CGUJBJB4" failures="0" tests="1" name="filterSectionTestcases.TC_102_Check_Size_enter_different_values_cms" time="8.182" errors="0" timestamp="2023-09-22T19:59:09 IST" skipped="0">
  <testcase classname="filterSectionTestcases.TC_102_Check_Size_enter_different_values_cms" name="check_size_enter_different_values_cms_Test" time="8.182"/>
</testsuite> <!-- filterSectionTestcases.TC_102_Check_Size_enter_different_values_cms -->
