<?xml version="1.0" encoding="UTF-8"?>
<!-- Generated by org.testng.reporters.JUnitReportReporter -->
<testsuite hostname="LAPTOP-CGUJBJB4" failures="0" tests="1" name="headertestcases.TC_114_Check_Search_enter_product_name_rugstyle" time="12.821" errors="0" timestamp="2023-09-22T19:59:09 IST" skipped="0">
  <testcase classname="headertestcases.TC_114_Check_Search_enter_product_name_rugstyle" name="check_search_enter_product_name_Test" time="12.821"/>
</testsuite> <!-- headertestcases.TC_114_Check_Search_enter_product_name_rugstyle -->
