<?xml version="1.0" encoding="UTF-8"?>
<!-- Generated by org.testng.reporters.JUnitReportReporter -->
<testsuite hostname="LAPTOP-CGUJBJB4" failures="0" tests="1" name="filterSectionTestcases.TC_098_Check_Size_Ft_range_error_msg" time="8.064" errors="0" timestamp="2023-09-22T19:59:09 IST" skipped="0">
  <testcase classname="filterSectionTestcases.TC_098_Check_Size_Ft_range_error_msg" name="check_size_ft_range_Test" time="8.064"/>
</testsuite> <!-- filterSectionTestcases.TC_098_Check_Size_Ft_range_error_msg -->
