<?xml version="1.0" encoding="UTF-8"?>
<!-- Generated by org.testng.reporters.JUnitReportReporter -->
<testsuite hostname="LAPTOP-CGUJBJB4" failures="0" tests="1" name="PDPpagetTestcases.TC_154_Check_rugtype_dropdown" time="7.368" errors="0" timestamp="2023-09-25T17:51:53 IST" skipped="0">
  <testcase classname="PDPpagetTestcases.TC_154_Check_rugtype_dropdown" name="clickrugtypedropdown" time="7.368"/>
</testsuite> <!-- PDPpagetTestcases.TC_154_Check_rugtype_dropdown -->
