<?xml version="1.0" encoding="UTF-8"?>
<!-- Generated by org.testng.reporters.JUnitReportReporter -->
<testsuite hostname="LAPTOP-CGUJBJB4" failures="0" tests="1" name="PDPpagetTestcases.TC_144_Check_rug_shapes_dropdown" time="59.378" errors="0" timestamp="2023-09-19T21:12:21 IST" skipped="0">
  <testcase classname="PDPpagetTestcases.TC_144_Check_rug_shapes_dropdown" name="check_close_button_functionality_Test" time="59.378"/>
</testsuite> <!-- PDPpagetTestcases.TC_144_Check_rug_shapes_dropdown -->
