<?xml version="1.0" encoding="UTF-8"?>
<!-- Generated by org.testng.reporters.JUnitReportReporter -->
<testsuite hostname="LAPTOP-CGUJBJB4" failures="0" tests="1" name="PDPpagetTestcases.TC_152_Check_diamond_shape_length_double_as_width_colorsample" time="18.459" errors="0" timestamp="2023-09-25T15:38:50 IST" skipped="0">
  <testcase classname="PDPpagetTestcases.TC_152_Check_diamond_shape_length_double_as_width_colorsample" name="checkdiamond_shape_length_doubles_colorsample" time="18.459"/>
</testsuite> <!-- PDPpagetTestcases.TC_152_Check_diamond_shape_length_double_as_width_colorsample -->
