<?xml version="1.0" encoding="UTF-8"?>
<!-- Generated by org.testng.reporters.JUnitReportReporter -->
<testsuite hostname="LAPTOP-CGUJBJB4" failures="0" tests="1" name="homepagetestcases.TC_072_Check_Arch_in_Shapes" time="5.074" errors="0" timestamp="2023-09-22T19:59:09 IST" skipped="0">
  <testcase classname="homepagetestcases.TC_072_Check_Arch_in_Shapes" name="check_arch_in_shapes_Test" time="5.074"/>
</testsuite> <!-- homepagetestcases.TC_072_Check_Arch_in_Shapes -->
