<?xml version="1.0" encoding="UTF-8"?>
<!-- Generated by org.testng.reporters.JUnitReportReporter -->
<testsuite hostname="LAPTOP-CGUJBJB4" failures="0" tests="1" name="filterSectionTestcases.TC_103_Check_Size_if_left_blank_verify_error_msg" time="5.849" errors="0" timestamp="2023-09-22T19:59:09 IST" skipped="0">
  <testcase classname="filterSectionTestcases.TC_103_Check_Size_if_left_blank_verify_error_msg" name="check_size_left_blank_Test" time="5.849"/>
</testsuite> <!-- filterSectionTestcases.TC_103_Check_Size_if_left_blank_verify_error_msg -->
