<?xml version="1.0" encoding="UTF-8"?>
<!-- Generated by org.testng.reporters.JUnitReportReporter -->
<testsuite hostname="LAPTOP-CGUJBJB4" failures="0" tests="1" name="headertestcases.TC_003_ClickonTrade" time="29.176" errors="0" timestamp="2023-06-22T21:45:02 IST" skipped="0">
  <testcase classname="headertestcases.TC_003_ClickonTrade" name="clickontradelink" time="29.176"/>
</testsuite> <!-- headertestcases.TC_003_ClickonTrade -->
