<?xml version="1.0" encoding="UTF-8"?>
<!-- Generated by org.testng.reporters.JUnitReportReporter -->
<testsuite hostname="LAPTOP-CGUJBJB4" failures="0" tests="1" name="headertestcases.TC_001_Home_Page" time="2.058" errors="0" timestamp="2023-06-22T14:36:31 IST" skipped="0">
  <testcase classname="headertestcases.TC_001_Home_Page" name="Test_Whether_Header_Section_links_are_working_or_Not" time="2.058"/>
</testsuite> <!-- headertestcases.TC_001_Home_Page -->
