<?xml version="1.0" encoding="UTF-8"?>
<!-- Generated by org.testng.reporters.JUnitReportReporter -->
<testsuite hostname="LAPTOP-CGUJBJB4" failures="0" tests="1" name="PDPpagetTestcases.TC_147_Check_round_shape_displays_diameter" time="18.934" errors="0" timestamp="2023-09-22T20:45:46 IST" skipped="0">
  <testcase classname="PDPpagetTestcases.TC_147_Check_round_shape_displays_diameter" name="check_rugshapes_verify_title_Test" time="18.934"/>
</testsuite> <!-- PDPpagetTestcases.TC_147_Check_round_shape_displays_diameter -->
