<?xml version="1.0" encoding="UTF-8"?>
<!-- Generated by org.testng.reporters.JUnitReportReporter -->
<testsuite hostname="LAPTOP-CGUJBJB4" failures="0" tests="1" name="PDP_SectionTestcases.TC_121_Check_Scroll_Color_suggestions" time="13.146" errors="0" timestamp="2023-09-13T18:59:59 IST" skipped="0">
  <testcase classname="PDP_SectionTestcases.TC_121_Check_Scroll_Color_suggestions" name="check_scroll_color_sugggestions_Test" time="13.146"/>
</testsuite> <!-- PDP_SectionTestcases.TC_121_Check_Scroll_Color_suggestions -->
