<?xml version="1.0" encoding="UTF-8"?>
<!-- Generated by org.testng.reporters.JUnitReportReporter -->
<testsuite hostname="LAPTOP-CGUJBJB4" failures="0" tests="1" name="homepagetestcases.TC_049_Check_View_All_Designs_link_Collection_Click_all_Shapes" time="4.779" errors="0" timestamp="2023-09-22T19:59:09 IST" skipped="0">
  <testcase classname="homepagetestcases.TC_049_Check_View_All_Designs_link_Collection_Click_all_Shapes" name="check_viewall_designs_link_in_collection_click_all_shapes_Test" time="4.779"/>
</testsuite> <!-- homepagetestcases.TC_049_Check_View_All_Designs_link_Collection_Click_all_Shapes -->
