<?xml version="1.0" encoding="UTF-8"?>
<!-- Generated by org.testng.reporters.JUnitReportReporter -->
<testsuite hostname="LAPTOP-CGUJBJB4" failures="0" tests="1" name="filterSectionTestcases.TC_097_Check_Size_cms_accepts_special_character_or_not" time="6.807" errors="0" timestamp="2023-08-10T17:52:41 IST" skipped="0">
  <testcase classname="filterSectionTestcases.TC_097_Check_Size_cms_accepts_special_character_or_not" name="check_Size_cms_accepts_special_character_Test" time="6.807"/>
</testsuite> <!-- filterSectionTestcases.TC_097_Check_Size_cms_accepts_special_character_or_not -->
