<?xml version="1.0" encoding="UTF-8"?>
<!-- Generated by org.testng.reporters.JUnitReportReporter -->
<testsuite hostname="LAPTOP-CGUJBJB4" failures="0" tests="1" name="headertestcases.TC_004_Check_Contact_link" time="3.071" errors="0" timestamp="2023-09-22T19:59:09 IST" skipped="0">
  <testcase classname="headertestcases.TC_004_Check_Contact_link" name="Check_Contact_link_Test" time="3.071"/>
</testsuite> <!-- headertestcases.TC_004_Check_Contact_link -->
