<?xml version="1.0" encoding="UTF-8"?>
<!-- Generated by org.testng.reporters.JUnitReportReporter -->
<testsuite hostname="LAPTOP-CGUJBJB4" failures="0" tests="1" name="PDP_SectionTestcases.TC_119_Check_core_color_name_displayed_on_leftside" time="9.477" errors="0" timestamp="2023-09-13T18:59:59 IST" skipped="0">
  <testcase classname="PDP_SectionTestcases.TC_119_Check_core_color_name_displayed_on_leftside" name="check_core_color_name_displayed_leftside_Test" time="9.477"/>
</testsuite> <!-- PDP_SectionTestcases.TC_119_Check_core_color_name_displayed_on_leftside -->
