<?xml version="1.0" encoding="UTF-8"?>
<!-- Generated by org.testng.reporters.JUnitReportReporter -->
<testsuite hostname="LAPTOP-CGUJBJB4" failures="0" tests="1" name="filterSectionTestcases.TC_092_Check_Weaving_Type_Functionality" time="39.285" errors="0" timestamp="2023-09-22T19:59:09 IST" skipped="0">
  <testcase classname="filterSectionTestcases.TC_092_Check_Weaving_Type_Functionality" name="check_weaving_type_functionality_Test" time="39.285"/>
</testsuite> <!-- filterSectionTestcases.TC_092_Check_Weaving_Type_Functionality -->
