<?xml version="1.0" encoding="UTF-8"?>
<!-- Generated by org.testng.reporters.JUnitReportReporter -->
<testsuite hostname="LAPTOP-CGUJBJB4" failures="0" tests="1" name="filterSectionTestcases.TC_095_Check_Size_ft_accepts_alphabets_value_or_not" time="6.913" errors="0" timestamp="2023-09-22T19:59:09 IST" skipped="0">
  <testcase classname="filterSectionTestcases.TC_095_Check_Size_ft_accepts_alphabets_value_or_not" name="check_size_ft_accepts_alphabet_value_Test" time="6.913"/>
</testsuite> <!-- filterSectionTestcases.TC_095_Check_Size_ft_accepts_alphabets_value_or_not -->
