<?xml version="1.0" encoding="UTF-8"?>
<!-- Generated by org.testng.reporters.JUnitReportReporter -->
<testsuite hostname="LAPTOP-CGUJBJB4" failures="0" tests="1" name="homepagetestcases.TC_080_Check_all_Trending_Styles" time="33.129" errors="0" timestamp="2023-09-22T19:59:09 IST" skipped="0">
  <testcase classname="homepagetestcases.TC_080_Check_all_Trending_Styles" name="check_all_trending_styles_Test" time="33.129"/>
</testsuite> <!-- homepagetestcases.TC_080_Check_all_Trending_Styles -->
