<?xml version="1.0" encoding="UTF-8"?>
<!-- Generated by org.testng.reporters.JUnitReportReporter -->
<testsuite hostname="LAPTOP-CGUJBJB4" failures="0" tests="1" name="Ordersample_SectionTestcases.TC_129_Check_in_ordersample_range_ft" time="10.405" errors="0" timestamp="2023-09-22T19:59:09 IST" skipped="0">
  <testcase classname="Ordersample_SectionTestcases.TC_129_Check_in_ordersample_range_ft" name="check_ordersample_range_ft_Test" time="10.405"/>
</testsuite> <!-- Ordersample_SectionTestcases.TC_129_Check_in_ordersample_range_ft -->
