<?xml version="1.0" encoding="UTF-8"?>
<!-- Generated by org.testng.reporters.JUnitReportReporter -->
<testsuite hostname="LAPTOP-CGUJBJB4" failures="0" tests="1" name="filterSectionTestcases.TC_094_Check_Size_Click_ft_cms" time="5.850" errors="0" timestamp="2023-09-22T19:59:09 IST" skipped="0">
  <testcase classname="filterSectionTestcases.TC_094_Check_Size_Click_ft_cms" name="check_size_functionality_Test" time="5.850"/>
</testsuite> <!-- filterSectionTestcases.TC_094_Check_Size_Click_ft_cms -->
