<?xml version="1.0" encoding="UTF-8"?>
<!-- Generated by org.testng.reporters.JUnitReportReporter -->
<testsuite hostname="LAPTOP-CGUJBJB4" failures="0" tests="1" name="PDP_SectionTestcases.TC_126_Check_able_to_add_20_colors_verify_msg" time="10.231" errors="0" timestamp="2023-09-13T18:59:59 IST" skipped="0">
  <testcase classname="PDP_SectionTestcases.TC_126_Check_able_to_add_20_colors_verify_msg" name="check_able_to_add_20colors_Test" time="10.231"/>
</testsuite> <!-- PDP_SectionTestcases.TC_126_Check_able_to_add_20_colors_verify_msg -->
