<?xml version="1.0" encoding="UTF-8"?>
<!-- Generated by org.testng.reporters.JUnitReportReporter -->
<testsuite hostname="LAPTOP-CGUJBJB4" failures="0" tests="1" name="Ordersample_SectionTestcases.TC_135_Check_order_samples_after_signin" time="17.933" errors="0" timestamp="2023-09-22T19:59:09 IST" skipped="0">
  <testcase classname="Ordersample_SectionTestcases.TC_135_Check_order_samples_after_signin" name="check_order_samples_after_login_Test" time="17.933"/>
</testsuite> <!-- Ordersample_SectionTestcases.TC_135_Check_order_samples_after_signin -->
