<?xml version="1.0" encoding="UTF-8"?>
<!-- Generated by org.testng.reporters.JUnitReportReporter -->
<testsuite hostname="LAPTOP-CGUJBJB4" failures="0" tests="1" name="PDP_SectionTestcases.TC_118_Check_color_name_displays_Core_colors" time="11.696" errors="0" timestamp="2023-09-04T18:55:40 IST" skipped="0">
  <testcase classname="PDP_SectionTestcases.TC_118_Check_color_name_displays_Core_colors" name="check_all_default_options_Test" time="11.696"/>
</testsuite> <!-- PDP_SectionTestcases.TC_118_Check_color_name_displays_Core_colors -->
