<?xml version="1.0" encoding="UTF-8"?>
<!-- Generated by org.testng.reporters.JUnitReportReporter -->
<testsuite hostname="LAPTOP-CGUJBJB4" failures="0" tests="1" name="Ordersample_SectionTestcases.TC_119_Check_core_color_name_displayed_on_leftside" time="9.012" errors="0" timestamp="2023-09-22T19:59:09 IST" skipped="0">
  <testcase classname="Ordersample_SectionTestcases.TC_119_Check_core_color_name_displayed_on_leftside" name="check_core_color_name_displayed_leftside_Test" time="9.012"/>
</testsuite> <!-- Ordersample_SectionTestcases.TC_119_Check_core_color_name_displayed_on_leftside -->
