<?xml version="1.0" encoding="UTF-8"?>
<!-- Generated by org.testng.reporters.JUnitReportReporter -->
<testsuite hostname="LAPTOP-CGUJBJB4" failures="0" tests="1" name="homepagetestcases.TC_064_Check_Oval_in_Shapes" time="4.880" errors="0" timestamp="2023-09-22T19:59:09 IST" skipped="0">
  <testcase classname="homepagetestcases.TC_064_Check_Oval_in_Shapes" name="check_oval_in_shapes_Test" time="4.880"/>
</testsuite> <!-- homepagetestcases.TC_064_Check_Oval_in_Shapes -->
