<?xml version="1.0" encoding="UTF-8"?>
<!-- Generated by org.testng.reporters.JUnitReportReporter -->
<testsuite hostname="LAPTOP-CGUJBJB4" failures="0" tests="1" name="PDPpagetTestcases.TC_149_Check_square_shape_length_locked" time="5.692" errors="0" timestamp="2023-09-22T20:15:30 IST" skipped="0">
  <testcase classname="PDPpagetTestcases.TC_149_Check_square_shape_length_locked" name="check_square_shape_length_locked" time="5.692"/>
</testsuite> <!-- PDPpagetTestcases.TC_149_Check_square_shape_length_locked -->
