<?xml version="1.0" encoding="UTF-8"?>
<!-- Generated by org.testng.reporters.JUnitReportReporter -->
<testsuite hostname="LAPTOP-CGUJBJB4" failures="0" tests="1" name="PDP_SectionTestcases.TC_133_Check_order_samples_functionality_without_login" time="11.906" errors="0" timestamp="2023-09-13T18:59:59 IST" skipped="0">
  <testcase classname="PDP_SectionTestcases.TC_133_Check_order_samples_functionality_without_login" name="check_order_sample_functionality_without_login_Test" time="11.906"/>
</testsuite> <!-- PDP_SectionTestcases.TC_133_Check_order_samples_functionality_without_login -->
