<?xml version="1.0" encoding="UTF-8"?>
<!-- Generated by org.testng.reporters.JUnitReportReporter -->
<testsuite hostname="LAPTOP-CGUJBJB4" failures="0" tests="1" name="homepagetestcases.TC_034_Check_Flatweaves_link_Collection_Click_all_Shapes" time="4.775" errors="0" timestamp="2023-09-22T19:59:09 IST" skipped="0">
  <testcase classname="homepagetestcases.TC_034_Check_Flatweaves_link_Collection_Click_all_Shapes" name="check_flatweaves_link_in_collection_click_all_shapes_Test" time="4.775"/>
</testsuite> <!-- homepagetestcases.TC_034_Check_Flatweaves_link_Collection_Click_all_Shapes -->
