<?xml version="1.0" encoding="UTF-8"?>
<!-- Generated by org.testng.reporters.JUnitReportReporter -->
<testsuite hostname="LAPTOP-CGUJBJB4" failures="0" tests="1" name="homepagetestcases.Check_whetherable_mouseover_Collection" time="3.156" errors="0" timestamp="2023-06-30T19:08:15 IST" skipped="0">
  <testcase classname="homepagetestcases.Check_whetherable_mouseover_Collection" name="check_whetherable_mouseover_Collection" time="3.156"/>
</testsuite> <!-- homepagetestcases.Check_whetherable_mouseover_Collection -->
