<?xml version="1.0" encoding="UTF-8"?>
<!-- Generated by org.testng.reporters.JUnitReportReporter -->
<testsuite hostname="LAPTOP-CGUJBJB4" failures="0" tests="1" name="Ordersample_SectionTestcases.TC_139_Check_order_samples_email_popup_numeric_entered" time="11.516" errors="0" timestamp="2023-09-22T19:59:09 IST" skipped="0">
  <testcase classname="Ordersample_SectionTestcases.TC_139_Check_order_samples_email_popup_numeric_entered" name="check_email_popup_left_blank_Test" time="11.516"/>
</testsuite> <!-- Ordersample_SectionTestcases.TC_139_Check_order_samples_email_popup_numeric_entered -->
