<?xml version="1.0" encoding="UTF-8"?>
<!-- Generated by org.testng.reporters.JUnitReportReporter -->
<testsuite hostname="LAPTOP-CGUJBJB4" failures="0" tests="1" name="homepagetestcases.TC_035_Check_Solid_Colors_link_Collection_Click_all_Shapes" time="5.431" errors="0" timestamp="2023-09-22T19:59:09 IST" skipped="0">
  <testcase classname="homepagetestcases.TC_035_Check_Solid_Colors_link_Collection_Click_all_Shapes" name="check_solid_colors_link_in_collection_click_all_shapes_Test" time="5.431"/>
</testsuite> <!-- homepagetestcases.TC_035_Check_Solid_Colors_link_Collection_Click_all_Shapes -->
