<?xml version="1.0" encoding="UTF-8"?>
<!-- Generated by org.testng.reporters.JUnitReportReporter -->
<testsuite hostname="LAPTOP-CGUJBJB4" failures="0" tests="1" name="homepagetestcases.TC_081_Check_all_Trending_Shapes" time="32.468" errors="0" timestamp="2023-09-22T19:59:09 IST" skipped="0">
  <testcase classname="homepagetestcases.TC_081_Check_all_Trending_Shapes" name="check_all_trending_shapes_Test" time="32.468"/>
</testsuite> <!-- homepagetestcases.TC_081_Check_all_Trending_Shapes -->
