<?xml version="1.0" encoding="UTF-8"?>
<!-- Generated by org.testng.reporters.JUnitReportReporter -->
<testsuite hostname="LAPTOP-CGUJBJB4" failures="0" tests="1" name="PDPpagetTestcases.TC_158_Check_handknot_rugtype_startingprice_changes" time="9.743" errors="0" timestamp="2023-09-26T20:32:18 IST" skipped="0">
  <testcase classname="PDPpagetTestcases.TC_158_Check_handknot_rugtype_startingprice_changes" name="checkstartingpricechange_rugtype_changed" time="9.743"/>
</testsuite> <!-- PDPpagetTestcases.TC_158_Check_handknot_rugtype_startingprice_changes -->
