<?xml version="1.0" encoding="UTF-8"?>
<!-- Generated by org.testng.reporters.JUnitReportReporter -->
<testsuite hostname="LAPTOP-CGUJBJB4" failures="0" tests="1" name="Ordersample_SectionTestcases.TC_121_Check_Scroll_Color_suggestions" time="12.247" errors="0" timestamp="2023-09-22T19:59:09 IST" skipped="0">
  <testcase classname="Ordersample_SectionTestcases.TC_121_Check_Scroll_Color_suggestions" name="check_scroll_color_sugggestions_Test" time="12.247"/>
</testsuite> <!-- Ordersample_SectionTestcases.TC_121_Check_Scroll_Color_suggestions -->
