<?xml version="1.0" encoding="UTF-8"?>
<!-- Generated by org.testng.reporters.JUnitReportReporter -->
<testsuite hostname="LAPTOP-CGUJBJB4" failures="0" tests="1" name="homepagetestcases.TC_057_Check_Brights_link_Pattern_Click_all_Shapes" time="5.234" errors="0" timestamp="2023-09-22T19:59:09 IST" skipped="0">
  <testcase classname="homepagetestcases.TC_057_Check_Brights_link_Pattern_Click_all_Shapes" name="check_brights_link_in_pattern_click_all_shapes_Test" time="5.234"/>
</testsuite> <!-- homepagetestcases.TC_057_Check_Brights_link_Pattern_Click_all_Shapes -->
