<?xml version="1.0" encoding="UTF-8"?>
<!-- Generated by org.testng.reporters.JUnitReportReporter -->
<testsuite hostname="LAPTOP-CGUJBJB4" failures="0" tests="1" name="PDPpagetTestcases.TC_150_Check_square_shape_length_change_same_as_width_color_sample" time="15.196" errors="0" timestamp="2023-09-22T19:59:09 IST" skipped="0">
  <testcase classname="PDPpagetTestcases.TC_150_Check_square_shape_length_change_same_as_width_color_sample" name="check_square_shape_length_change_same_as_width_color_sample" time="15.196"/>
</testsuite> <!-- PDPpagetTestcases.TC_150_Check_square_shape_length_change_same_as_width_color_sample -->
