<?xml version="1.0" encoding="UTF-8"?>
<!-- Generated by org.testng.reporters.JUnitReportReporter -->
<testsuite hostname="LAPTOP-CGUJBJB4" failures="0" tests="1" name="Ordersample_SectionTestcases.TC_137_Check_order_samples_remove_all_colors_verify_error_msg" time="9.767" errors="0" timestamp="2023-09-22T19:59:09 IST" skipped="0">
  <testcase classname="Ordersample_SectionTestcases.TC_137_Check_order_samples_remove_all_colors_verify_error_msg" name="check_remove_all_colors_error_msg_Test" time="9.767"/>
</testsuite> <!-- Ordersample_SectionTestcases.TC_137_Check_order_samples_remove_all_colors_verify_error_msg -->
