<?xml version="1.0" encoding="UTF-8"?>
<!-- Generated by org.testng.reporters.JUnitReportReporter -->
<testsuite hostname="LAPTOP-CGUJBJB4" failures="0" tests="1" name="filterSectionTestcases.TC_089_Check_Category_Option_Functionality" time="29.736" errors="0" timestamp="2023-09-22T19:59:09 IST" skipped="0">
  <testcase classname="filterSectionTestcases.TC_089_Check_Category_Option_Functionality" name="check_category_option_Test" time="29.736"/>
</testsuite> <!-- filterSectionTestcases.TC_089_Check_Category_Option_Functionality -->
