<?xml version="1.0" encoding="UTF-8"?>
<!-- Generated by org.testng.reporters.JUnitReportReporter -->
<testsuite hostname="LAPTOP-CGUJBJB4" failures="0" tests="1" name="PDPpagetTestcases.TC_145_Check_rug_shapes_dropdown" time="8.093" errors="0" timestamp="2023-09-22T19:59:09 IST" skipped="0">
  <testcase classname="PDPpagetTestcases.TC_145_Check_rug_shapes_dropdown" name="check_rugshapes_verify_title_Test" time="8.093"/>
</testsuite> <!-- PDPpagetTestcases.TC_145_Check_rug_shapes_dropdown -->
