<?xml version="1.0" encoding="UTF-8"?>
<!-- Generated by org.testng.reporters.JUnitReportReporter -->
<testsuite hostname="LAPTOP-CGUJBJB4" failures="0" tests="1" name="PDPpagetTestcases.TC_160_Check_rugtype_changed_price_rugtype_displays_in_PDPtopbar" time="13.053" errors="0" timestamp="2023-09-27T19:38:58 IST" skipped="0">
  <testcase classname="PDPpagetTestcases.TC_160_Check_rugtype_changed_price_rugtype_displays_in_PDPtopbar" name="rugtypechangedtopbardisplays_price_rugtype" time="13.053"/>
</testsuite> <!-- PDPpagetTestcases.TC_160_Check_rugtype_changed_price_rugtype_displays_in_PDPtopbar -->
