<?xml version="1.0" encoding="UTF-8"?>
<!-- Generated by org.testng.reporters.JUnitReportReporter -->
<testsuite hostname="LAPTOP-CGUJBJB4" failures="0" tests="1" name="PDP_SectionTestcases.TC_132_Check_close_button_functionality" time="8.982" errors="0" timestamp="2023-09-13T18:59:59 IST" skipped="0">
  <testcase classname="PDP_SectionTestcases.TC_132_Check_close_button_functionality" name="check_close_button_functionality_Test" time="8.982"/>
</testsuite> <!-- PDP_SectionTestcases.TC_132_Check_close_button_functionality -->
