<?xml version="1.0" encoding="UTF-8"?>
<!-- Generated by org.testng.reporters.JUnitReportReporter -->
<testsuite hostname="LAPTOP-CGUJBJB4" failures="0" tests="1" name="Ordersample_SectionTestcases.TC_109_Check_all_default_options" time="9.546" errors="0" timestamp="2023-09-22T19:59:09 IST" skipped="0">
  <testcase classname="Ordersample_SectionTestcases.TC_109_Check_all_default_options" name="check_all_default_options_Test" time="9.546"/>
</testsuite> <!-- Ordersample_SectionTestcases.TC_109_Check_all_default_options -->
