<?xml version="1.0" encoding="UTF-8"?>
<!-- Generated by org.testng.reporters.JUnitReportReporter -->
<testsuite hostname="LAPTOP-CGUJBJB4" failures="0" tests="1" name="headertestcases.TC_113_Check_Search_functionality" time="2.120" errors="0" timestamp="2023-09-22T19:59:09 IST" skipped="0">
  <testcase classname="headertestcases.TC_113_Check_Search_functionality" name="check_search_functionality_Test" time="2.120"/>
</testsuite> <!-- headertestcases.TC_113_Check_Search_functionality -->
