<?xml version="1.0" encoding="UTF-8"?>
<!-- Generated by org.testng.reporters.JUnitReportReporter -->
<testsuite hostname="LAPTOP-CGUJBJB4" failures="0" tests="1" name="filterSectionTestcases.TC_105_Check_Size_not_disappear_other_category_selected" time="7.074" errors="0" timestamp="2023-09-22T19:59:09 IST" skipped="0">
  <testcase classname="filterSectionTestcases.TC_105_Check_Size_not_disappear_other_category_selected" name="check_size_not_disappear_Test" time="7.074"/>
</testsuite> <!-- filterSectionTestcases.TC_105_Check_Size_not_disappear_other_category_selected -->
