<?xml version="1.0" encoding="UTF-8"?>
<!-- Generated by org.testng.reporters.JUnitReportReporter -->
<testsuite hostname="LAPTOP-CGUJBJB4" failures="0" tests="1" name="Ordersample_SectionTestcases.TC_122_Check_able_to_add_Pastel_Colors" time="10.448" errors="0" timestamp="2023-09-22T19:59:09 IST" skipped="0">
  <testcase classname="Ordersample_SectionTestcases.TC_122_Check_able_to_add_Pastel_Colors" name="check_able_to_add_Pastel_colors_Test" time="10.448"/>
</testsuite> <!-- Ordersample_SectionTestcases.TC_122_Check_able_to_add_Pastel_Colors -->
