<?xml version="1.0" encoding="UTF-8"?>
<!-- Generated by org.testng.reporters.JUnitReportReporter -->
<testsuite hostname="LAPTOP-CGUJBJB4" failures="0" tests="1" name="PDPpagetTestcases.TC_140_Check_more_colors_link" time="8.911" errors="0" timestamp="2023-09-22T19:59:09 IST" skipped="0">
  <testcase classname="PDPpagetTestcases.TC_140_Check_more_colors_link" name="check_close_button_functionality_Test" time="8.911"/>
</testsuite> <!-- PDPpagetTestcases.TC_140_Check_more_colors_link -->
