<?xml version="1.0" encoding="UTF-8"?>
<!-- Generated by org.testng.reporters.JUnitReportReporter -->
<testsuite hostname="LAPTOP-CGUJBJB4" failures="0" tests="1" name="headertestcases.TC_002_Clickonaboutus" time="6.008" errors="0" timestamp="2023-06-22T21:45:02 IST" skipped="0">
  <testcase classname="headertestcases.TC_002_Clickonaboutus" name="checkaboutuslink" time="6.008"/>
</testsuite> <!-- headertestcases.TC_002_Clickonaboutus -->
