<?xml version="1.0" encoding="UTF-8"?>
<!-- Generated by org.testng.reporters.JUnitReportReporter -->
<testsuite hostname="LAPTOP-CGUJBJB4" failures="0" tests="1" name="PDPpagetTestcases.TC_153_Check_price_changes_when_rug_shape_changed" time="21.225" errors="0" timestamp="2023-09-25T16:52:02 IST" skipped="0">
  <testcase classname="PDPpagetTestcases.TC_153_Check_price_changes_when_rug_shape_changed" name="checkpricechangeswhen_rug_shape_changed" time="21.225"/>
</testsuite> <!-- PDPpagetTestcases.TC_153_Check_price_changes_when_rug_shape_changed -->
