<?xml version="1.0" encoding="UTF-8"?>
<!-- Generated by org.testng.reporters.JUnitReportReporter -->
<testsuite hostname="LAPTOP-CGUJBJB4" failures="0" tests="1" name="homepagetestcases.TC_082_Check_Book_call" time="10.265" errors="0" timestamp="2023-09-22T19:59:09 IST" skipped="0">
  <testcase classname="homepagetestcases.TC_082_Check_Book_call" name="check_book_call_Test" time="10.265"/>
</testsuite> <!-- homepagetestcases.TC_082_Check_Book_call -->
