<?xml version="1.0" encoding="UTF-8"?>
<!-- Generated by org.testng.reporters.JUnitReportReporter -->
<testsuite hostname="LAPTOP-CGUJBJB4" failures="0" tests="1" name="homepagetestcases.TC_014_Check_FieldofFlowers_link_Click_all_shapes" time="118.679" errors="0" timestamp="2023-07-05T21:53:41 IST" skipped="0">
  <testcase classname="homepagetestcases.TC_014_Check_FieldofFlowers_link_Click_all_shapes" name="check_fieldofflowers_link_in_collection_click_all_shapes_Test" time="118.679"/>
</testsuite> <!-- homepagetestcases.TC_014_Check_FieldofFlowers_link_Click_all_shapes -->
