<?xml version="1.0" encoding="UTF-8"?>
<!-- Generated by org.testng.reporters.JUnitReportReporter -->
<testsuite hostname="LAPTOP-CGUJBJB4" failures="0" tests="1" name="headertestcases.TC_091_Check_Cart_link" time="1.126" errors="0" timestamp="2023-09-22T19:59:09 IST" skipped="0">
  <testcase classname="headertestcases.TC_091_Check_Cart_link" name="check_cart_link_Test" time="1.126"/>
</testsuite> <!-- headertestcases.TC_091_Check_Cart_link -->
