<?xml version="1.0" encoding="UTF-8"?>
<!-- Generated by org.testng.reporters.JUnitReportReporter -->
<testsuite hostname="LAPTOP-CGUJBJB4" failures="0" tests="1" name="Ordersample_SectionTestcases.TC_118_Check_Core_color_name_displays_when_mousehover" time="18.421" errors="0" timestamp="2023-09-22T19:59:09 IST" skipped="0">
  <testcase classname="Ordersample_SectionTestcases.TC_118_Check_Core_color_name_displays_when_mousehover" name="check_core_color_name_displays_Test" time="18.421"/>
</testsuite> <!-- Ordersample_SectionTestcases.TC_118_Check_Core_color_name_displays_when_mousehover -->
