<?xml version="1.0" encoding="UTF-8"?>
<!-- Generated by org.testng.reporters.JUnitReportReporter -->
<testsuite hostname="LAPTOP-CGUJBJB4" failures="0" tests="1" name="PDP_SectionTestcases.TC_128_Check_in_ordersample_able_to_select_ft_cms" time="11.058" errors="0" timestamp="2023-09-13T18:59:59 IST" skipped="0">
  <testcase classname="PDP_SectionTestcases.TC_128_Check_in_ordersample_able_to_select_ft_cms" name="check_able_to_select_ft_cms_Test" time="11.058"/>
</testsuite> <!-- PDP_SectionTestcases.TC_128_Check_in_ordersample_able_to_select_ft_cms -->
