<?xml version="1.0" encoding="UTF-8"?>
<!-- Generated by org.testng.reporters.JUnitReportReporter -->
<testsuite hostname="LAPTOP-CGUJBJB4" failures="0" tests="1" name="headertestcases.TC_001_Check_Signin_link" time="4.168" errors="0" timestamp="2023-09-22T19:59:09 IST" skipped="0">
  <testcase classname="headertestcases.TC_001_Check_Signin_link" name="Check_Signin_link_Test" time="4.168"/>
</testsuite> <!-- headertestcases.TC_001_Check_Signin_link -->
