<?xml version="1.0" encoding="UTF-8"?>
<!-- Generated by org.testng.reporters.JUnitReportReporter -->
<testsuite hostname="LAPTOP-CGUJBJB4" failures="0" tests="1" name="filterSectionTestcases.TC_101_Check_Size_enter_different_values" time="7.888" errors="0" timestamp="2023-08-10T18:54:03 IST" skipped="0">
  <testcase classname="filterSectionTestcases.TC_101_Check_Size_enter_different_values" name="check_Size_accepts_special_character_Test" time="7.888"/>
</testsuite> <!-- filterSectionTestcases.TC_101_Check_Size_enter_different_values -->
