<?xml version="1.0" encoding="UTF-8"?>
<!-- Generated by org.testng.reporters.JUnitReportReporter -->
<testsuite hostname="LAPTOP-CGUJBJB4" failures="0" tests="1" name="Ordersample_SectionTestcases.TC_110_Check_Order_Color_sample_Link_Top" time="8.904" errors="0" timestamp="2023-09-22T19:59:09 IST" skipped="0">
  <testcase classname="Ordersample_SectionTestcases.TC_110_Check_Order_Color_sample_Link_Top" name="check_order_color_samaple_link_Test" time="8.904"/>
</testsuite> <!-- Ordersample_SectionTestcases.TC_110_Check_Order_Color_sample_Link_Top -->
