<?xml version="1.0" encoding="UTF-8"?>
<!-- Generated by org.testng.reporters.JUnitReportReporter -->
<testsuite hostname="LAPTOP-CGUJBJB4" failures="0" tests="1" name="PDP_SectionTestcases.TC_115_Check_able_to_select_pastel_core_tab" time="12.530" errors="0" timestamp="2023-09-13T18:59:59 IST" skipped="0">
  <testcase classname="PDP_SectionTestcases.TC_115_Check_able_to_select_pastel_core_tab" name="check_able_to_select_pastel_core_tab_Test" time="12.530"/>
</testsuite> <!-- PDP_SectionTestcases.TC_115_Check_able_to_select_pastel_core_tab -->
