<?xml version="1.0" encoding="UTF-8"?>
<!-- Generated by org.testng.reporters.JUnitReportReporter -->
<testsuite hostname="LAPTOP-CGUJBJB4" failures="0" tests="1" name="Ordersample_SectionTestcases.TC_117_Check_able_to_add_Core_colors" time="8.558" errors="0" timestamp="2023-09-22T19:59:09 IST" skipped="0">
  <testcase classname="Ordersample_SectionTestcases.TC_117_Check_able_to_add_Core_colors" name="check_able_to_add_core_colors_Test" time="8.558"/>
</testsuite> <!-- Ordersample_SectionTestcases.TC_117_Check_able_to_add_Core_colors -->
