<?xml version="1.0" encoding="UTF-8"?>
<!-- Generated by org.testng.reporters.JUnitReportReporter -->
<testsuite hostname="LAPTOP-CGUJBJB4" failures="0" tests="1" name="testcases.TC_001_Home_Page" time="2.060" errors="0" timestamp="2023-06-22T14:34:00 IST" skipped="0">
  <testcase classname="testcases.TC_001_Home_Page" name="Test_Whether_Header_Section_links_are_working_or_Not" time="2.060"/>
</testsuite> <!-- testcases.TC_001_Home_Page -->
