<?xml version="1.0" encoding="UTF-8"?>
<!-- Generated by org.testng.reporters.JUnitReportReporter -->
<testsuite hostname="LAPTOP-CGUJBJB4" failures="0" tests="1" name="PDPpagetTestcases.TC_156_Check_handknotted_rugtype_knot_density_displays" time="9.038" errors="0" timestamp="2023-09-25T19:21:42 IST" skipped="0">
  <testcase classname="PDPpagetTestcases.TC_156_Check_handknotted_rugtype_knot_density_displays" name="check_handknottedrugtype_knot_density" time="9.038"/>
</testsuite> <!-- PDPpagetTestcases.TC_156_Check_handknotted_rugtype_knot_density_displays -->
