<?xml version="1.0" encoding="UTF-8"?>
<!-- Generated by org.testng.reporters.JUnitReportReporter -->
<testsuite hostname="LAPTOP-CGUJBJB4" failures="0" tests="1" name="PDPpagetTestcases.TC_155_Check_handtufted_rugtype_pile_height_displays" time="5.578" errors="0" timestamp="2023-09-25T18:54:58 IST" skipped="0">
  <testcase classname="PDPpagetTestcases.TC_155_Check_handtufted_rugtype_pile_height_displays" name="check_handtufted_rugtype_pile_height_displays" time="5.578"/>
</testsuite> <!-- PDPpagetTestcases.TC_155_Check_handtufted_rugtype_pile_height_displays -->
