<?xml version="1.0" encoding="UTF-8"?>
<!-- Generated by org.testng.reporters.JUnitReportReporter -->
<testsuite hostname="LAPTOP-CGUJBJB4" failures="0" tests="1" name="Ordersample_SectionTestcases.TC_120_Check_search_functionality_Core_colors" time="9.796" errors="0" timestamp="2023-09-22T19:59:09 IST" skipped="0">
  <testcase classname="Ordersample_SectionTestcases.TC_120_Check_search_functionality_Core_colors" name="check_search_functionality_core_colors_Test" time="9.796"/>
</testsuite> <!-- Ordersample_SectionTestcases.TC_120_Check_search_functionality_Core_colors -->
