<?xml version="1.0" encoding="UTF-8"?>
<!-- Generated by org.testng.reporters.JUnitReportReporter -->
<testsuite hostname="LAPTOP-CGUJBJB4" failures="0" tests="1" name="filterSectionTestcases.TC_097_Check_Size_Cm_range" time="7.694" errors="0" timestamp="2023-08-10T16:48:55 IST" skipped="0">
  <testcase classname="filterSectionTestcases.TC_097_Check_Size_Cm_range" name="check_size_cms_Test" time="7.694"/>
</testsuite> <!-- filterSectionTestcases.TC_097_Check_Size_Cm_range -->
