<?xml version="1.0" encoding="UTF-8"?>
<!-- Generated by org.testng.reporters.JUnitReportReporter -->
<testsuite hostname="LAPTOP-CGUJBJB4" failures="0" tests="1" name="Ordersample_SectionTestcases.TC_134_Check_order_samples_email_popup_close_button" time="11.878" errors="0" timestamp="2023-09-22T19:59:09 IST" skipped="0">
  <testcase classname="Ordersample_SectionTestcases.TC_134_Check_order_samples_email_popup_close_button" name="check_order_sample_email_popup_close_button_Test" time="11.878"/>
</testsuite> <!-- Ordersample_SectionTestcases.TC_134_Check_order_samples_email_popup_close_button -->
