<?xml version="1.0" encoding="UTF-8"?>
<!-- Generated by org.testng.reporters.JUnitReportReporter -->
<testsuite hostname="LAPTOP-CGUJBJB4" failures="0" tests="1" name="filterSectionTestcases.TC_093_Check_Materials_Functionality" time="19.734" errors="0" timestamp="2023-09-22T19:59:09 IST" skipped="0">
  <testcase classname="filterSectionTestcases.TC_093_Check_Materials_Functionality" name="check_materials_functionality_Test" time="19.734"/>
</testsuite> <!-- filterSectionTestcases.TC_093_Check_Materials_Functionality -->
