<?xml version="1.0" encoding="UTF-8"?>
<!-- Generated by org.testng.reporters.JUnitReportReporter -->
<testsuite hostname="LAPTOP-CGUJBJB4" failures="0" tests="1" name="PDP_SectionTestcases.TC_111_Check_Order_Color_box_rugsize_ft_if_left_blank" time="12.253" errors="0" timestamp="2023-09-13T19:02:48 IST" skipped="0">
  <testcase classname="PDP_SectionTestcases.TC_111_Check_Order_Color_box_rugsize_ft_if_left_blank" name="check_order_color_box_rugsizeft_blank_Test" time="12.253"/>
</testsuite> <!-- PDP_SectionTestcases.TC_111_Check_Order_Color_box_rugsize_ft_if_left_blank -->
