<?xml version="1.0" encoding="UTF-8"?>
<!-- Generated by org.testng.reporters.JUnitReportReporter -->
<testsuite hostname="LAPTOP-CGUJBJB4" failures="0" tests="1" name="Ordersample_SectionTestcases.TC_130_Check_in_ordersample_range_cm" time="11.581" errors="0" timestamp="2023-09-22T19:59:09 IST" skipped="0">
  <testcase classname="Ordersample_SectionTestcases.TC_130_Check_in_ordersample_range_cm" name="check_ordersample_range_cm_Test" time="11.581"/>
</testsuite> <!-- Ordersample_SectionTestcases.TC_130_Check_in_ordersample_range_cm -->
