<?xml version="1.0" encoding="UTF-8"?>
<!-- Generated by org.testng.reporters.JUnitReportReporter -->
<testsuite hostname="LAPTOP-CGUJBJB4" failures="0" tests="1" name="PDP_SectionTestcases.TC_120_Check_search_functionality" time="10.386" errors="0" timestamp="2023-09-05T17:10:21 IST" skipped="0">
  <testcase classname="PDP_SectionTestcases.TC_120_Check_search_functionality" name="check_all_default_options_Test" time="10.386"/>
</testsuite> <!-- PDP_SectionTestcases.TC_120_Check_search_functionality -->
