<?xml version="1.0" encoding="UTF-8"?>
<!-- Generated by org.testng.reporters.JUnitReportReporter -->
<testsuite hostname="LAPTOP-CGUJBJB4" failures="0" tests="1" name="filterSectionTestcases.TC_096_Check_Size_Ft_range" time="7.739" errors="0" timestamp="2023-08-10T16:48:55 IST" skipped="0">
  <testcase classname="filterSectionTestcases.TC_096_Check_Size_Ft_range" name="check_size_ft_range_Test" time="7.739"/>
</testsuite> <!-- filterSectionTestcases.TC_096_Check_Size_Ft_range -->
