<?xml version="1.0" encoding="UTF-8"?>
<!-- Generated by org.testng.reporters.JUnitReportReporter -->
<testsuite hostname="LAPTOP-CGUJBJB4" failures="0" tests="1" name="filterSectionTestcases.TC_108_Check_Order_Sample_Link" time="10.300" errors="0" timestamp="2023-09-22T19:59:09 IST" skipped="0">
  <testcase classname="filterSectionTestcases.TC_108_Check_Order_Sample_Link" name="check_order_sample_link_Test" time="10.300"/>
</testsuite> <!-- filterSectionTestcases.TC_108_Check_Order_Sample_Link -->
