<?xml version="1.0" encoding="UTF-8"?>
<!-- Generated by org.testng.reporters.JUnitReportReporter -->
<testsuite hostname="LAPTOP-CGUJBJB4" failures="0" tests="1" name="filterSectionTestcases.TC_106_Check_Custom_sizes" time="6.120" errors="0" timestamp="2023-09-22T19:59:09 IST" skipped="0">
  <testcase classname="filterSectionTestcases.TC_106_Check_Custom_sizes" name="check_custom_sizes_Test" time="6.120"/>
</testsuite> <!-- filterSectionTestcases.TC_106_Check_Custom_sizes -->
