<?xml version="1.0" encoding="UTF-8"?>
<!-- Generated by org.testng.reporters.JUnitReportReporter -->
<testsuite hostname="LAPTOP-CGUJBJB4" failures="0" tests="1" name="filterSectionTestcases.TC_096_Check_Size_cms_accepts_alphabets_value_or_not" time="7.887" errors="0" timestamp="2023-09-22T19:59:09 IST" skipped="0">
  <testcase classname="filterSectionTestcases.TC_096_Check_Size_cms_accepts_alphabets_value_or_not" name="check_size_cms_accepts_alphabets_value_Test" time="7.887"/>
</testsuite> <!-- filterSectionTestcases.TC_096_Check_Size_cms_accepts_alphabets_value_or_not -->
