<?xml version="1.0" encoding="UTF-8"?>
<!-- Generated by org.testng.reporters.JUnitReportReporter -->
<testsuite hostname="LAPTOP-CGUJBJB4" failures="0" tests="1" name="homepagetestcases.TC_086_Check_Bespoke_Design_Exp" time="2.511" errors="0" timestamp="2023-09-22T19:59:09 IST" skipped="0">
  <testcase classname="homepagetestcases.TC_086_Check_Bespoke_Design_Exp" name="check_bespoke_design_exp_Test" time="2.511"/>
</testsuite> <!-- homepagetestcases.TC_086_Check_Bespoke_Design_Exp -->
