<?xml version="1.0" encoding="UTF-8"?>
<!-- Generated by org.testng.reporters.JUnitReportReporter -->
<testsuite hostname="LAPTOP-CGUJBJB4" failures="0" tests="1" name="homepagetestcases.TC_059_Check_Vintage_link_Pattern_Click_all_Shapes" time="4.740" errors="0" timestamp="2023-09-22T19:59:09 IST" skipped="0">
  <testcase classname="homepagetestcases.TC_059_Check_Vintage_link_Pattern_Click_all_Shapes" name="check_vintage_link_in_pattern_click_all_shapes_Test" time="4.740"/>
</testsuite> <!-- homepagetestcases.TC_059_Check_Vintage_link_Pattern_Click_all_Shapes -->
