<?xml version="1.0" encoding="UTF-8"?>
<!-- Generated by org.testng.reporters.JUnitReportReporter -->
<testsuite hostname="LAPTOP-CGUJBJB4" failures="0" tests="1" name="PDP_SectionTestcases.TC_120_Check_search_functionality_Core_colors" time="10.668" errors="0" timestamp="2023-09-13T18:59:59 IST" skipped="0">
  <testcase classname="PDP_SectionTestcases.TC_120_Check_search_functionality_Core_colors" name="check_search_functionality_core_colors_Test" time="10.668"/>
</testsuite> <!-- PDP_SectionTestcases.TC_120_Check_search_functionality_Core_colors -->
