<?xml version="1.0" encoding="UTF-8"?>
<!-- Generated by org.testng.reporters.JUnitReportReporter -->
<testsuite hostname="LAPTOP-CGUJBJB4" failures="0" tests="1" name="Ordersample_SectionTestcases.TC_115_Check_able_to_select_pastel_core_tab" time="11.126" errors="0" timestamp="2023-09-22T19:59:09 IST" skipped="0">
  <testcase classname="Ordersample_SectionTestcases.TC_115_Check_able_to_select_pastel_core_tab" name="check_able_to_select_pastel_core_tab_Test" time="11.126"/>
</testsuite> <!-- Ordersample_SectionTestcases.TC_115_Check_able_to_select_pastel_core_tab -->
