<?xml version="1.0" encoding="UTF-8"?>
<!-- Generated by org.testng.reporters.JUnitReportReporter -->
<testsuite hostname="LAPTOP-CGUJBJB4" failures="0" tests="1" name="PDPpagetTestcases.TC_148_Check_square_shape_length_change_same_as_width" time="5.584" errors="0" timestamp="2023-09-22T20:14:14 IST" skipped="0">
  <testcase classname="PDPpagetTestcases.TC_148_Check_square_shape_length_change_same_as_width" name="check_square_shape_length_change_same_as_width" time="5.584"/>
</testsuite> <!-- PDPpagetTestcases.TC_148_Check_square_shape_length_change_same_as_width -->
