<?xml version="1.0" encoding="UTF-8"?>
<!-- Generated by org.testng.reporters.JUnitReportReporter -->
<testsuite hostname="LAPTOP-CGUJBJB4" failures="0" tests="1" name="homepagetestcases.TC_070_Check_Ogee_in_Shapes" time="4.882" errors="0" timestamp="2023-09-22T19:59:09 IST" skipped="0">
  <testcase classname="homepagetestcases.TC_070_Check_Ogee_in_Shapes" name="check_ogee_in_shapes_Test" time="4.882"/>
</testsuite> <!-- homepagetestcases.TC_070_Check_Ogee_in_Shapes -->
