<?xml version="1.0" encoding="UTF-8"?>
<!-- Generated by org.testng.reporters.JUnitReportReporter -->
<testsuite hostname="LAPTOP-CGUJBJB4" failures="0" tests="1" name="filterSectionTestcases.TC_104_Check_Size_submit_clicked_multiple_times" time="7.051" errors="0" timestamp="2023-09-22T19:59:09 IST" skipped="0">
  <testcase classname="filterSectionTestcases.TC_104_Check_Size_submit_clicked_multiple_times" name="check_size_submit_clicked_mutiple_times_Test" time="7.051"/>
</testsuite> <!-- filterSectionTestcases.TC_104_Check_Size_submit_clicked_multiple_times -->
