<?xml version="1.0" encoding="UTF-8"?>
<!-- Generated by org.testng.reporters.JUnitReportReporter -->
<testsuite hostname="LAPTOP-CGUJBJB4" failures="0" tests="1" name="PDP_SectionTestcases.TC_112_Check_Order_Color_box_rugsize_cm_if_left_blank" time="10.762" errors="0" timestamp="2023-09-13T18:59:59 IST" skipped="0">
  <testcase classname="PDP_SectionTestcases.TC_112_Check_Order_Color_box_rugsize_cm_if_left_blank" name="check_order_color_rugsize_cm_blank_Test" time="10.762"/>
</testsuite> <!-- PDP_SectionTestcases.TC_112_Check_Order_Color_box_rugsize_cm_if_left_blank -->
