<?xml version="1.0" encoding="UTF-8"?>
<!-- Generated by org.testng.reporters.JUnitReportReporter -->
<testsuite hostname="LAPTOP-CGUJBJB4" failures="0" tests="1" name="PDPpagetTestcases.TC_159_Check_rugtype_changed_price_changes" time="12.098" errors="0" timestamp="2023-09-27T19:01:26 IST" skipped="0">
  <testcase classname="PDPpagetTestcases.TC_159_Check_rugtype_changed_price_changes" name="rugtypechangedpricechanges" time="12.098"/>
</testsuite> <!-- PDPpagetTestcases.TC_159_Check_rugtype_changed_price_changes -->
