<?xml version="1.0" encoding="UTF-8"?>
<!-- Generated by org.testng.reporters.JUnitReportReporter -->
<testsuite hostname="LAPTOP-CGUJBJB4" failures="0" tests="1" name="PDP_SectionTestcases.TC_117_Check_able_to_add_colors" time="10.200" errors="0" timestamp="2023-09-04T18:17:29 IST" skipped="0">
  <testcase classname="PDP_SectionTestcases.TC_117_Check_able_to_add_colors" name="check_all_default_options_Test" time="10.200"/>
</testsuite> <!-- PDP_SectionTestcases.TC_117_Check_able_to_add_colors -->
