<?xml version="1.0" encoding="UTF-8"?>
<!-- Generated by org.testng.reporters.JUnitReportReporter -->
<testsuite hostname="LAPTOP-CGUJBJB4" failures="0" tests="1" name="PDPpagetTestcases.TC_143_Check_color_suggestion_color_changes" time="11.033" errors="0" timestamp="2023-09-22T19:59:09 IST" skipped="0">
  <testcase classname="PDPpagetTestcases.TC_143_Check_color_suggestion_color_changes" name="check_color_suggestion_color_changes_Test" time="11.033"/>
</testsuite> <!-- PDPpagetTestcases.TC_143_Check_color_suggestion_color_changes -->
