<?xml version="1.0" encoding="UTF-8"?>
<!-- Generated by org.testng.reporters.JUnitReportReporter -->
<testsuite hostname="LAPTOP-CGUJBJB4" failures="0" tests="1" name="PDP_SectionTestcases.TC_135_Check_order_samples_email_popup_addto_cart" time="20.491" errors="0" timestamp="2023-09-11T19:45:32 IST" skipped="0">
  <testcase classname="PDP_SectionTestcases.TC_135_Check_order_samples_email_popup_addto_cart" name="check_order_sample_email_popup_close_button_Test" time="20.491"/>
</testsuite> <!-- PDP_SectionTestcases.TC_135_Check_order_samples_email_popup_addto_cart -->
