<?xml version="1.0" encoding="UTF-8"?>
<!-- Generated by org.testng.reporters.JUnitReportReporter -->
<testsuite hostname="LAPTOP-CGUJBJB4" failures="0" tests="1" name="PDP_SectionTestcases.TC_118_Check_Core_color_name_displays_when_mousehover" time="18.411" errors="0" timestamp="2023-09-13T18:59:59 IST" skipped="0">
  <testcase classname="PDP_SectionTestcases.TC_118_Check_Core_color_name_displays_when_mousehover" name="check_core_color_name_displays_Test" time="18.411"/>
</testsuite> <!-- PDP_SectionTestcases.TC_118_Check_Core_color_name_displays_when_mousehover -->
