<?xml version="1.0" encoding="UTF-8"?>
<!-- Generated by org.testng.reporters.JUnitReportReporter -->
<testsuite hostname="LAPTOP-CGUJBJB4" failures="0" tests="1" name="PDPpagetTestcases.TC_157_Check_rugtype_changed_page_title_changes" time="8.719" errors="0" timestamp="2023-09-26T18:39:23 IST" skipped="0">
  <testcase classname="PDPpagetTestcases.TC_157_Check_rugtype_changed_page_title_changes" name="rugtypechangeverifypagetitle" time="8.719"/>
</testsuite> <!-- PDPpagetTestcases.TC_157_Check_rugtype_changed_page_title_changes -->
