<?xml version="1.0" encoding="UTF-8"?>
<!-- Generated by org.testng.reporters.JUnitReportReporter -->
<testsuite hostname="LAPTOP-CGUJBJB4" failures="0" tests="1" name="PDP_SectionTestcases.TC_135_Check_order_samples_after_signin" time="18.102" errors="0" timestamp="2023-09-13T18:59:59 IST" skipped="0">
  <testcase classname="PDP_SectionTestcases.TC_135_Check_order_samples_after_signin" name="check_order_samples_after_login_Test" time="18.102"/>
</testsuite> <!-- PDP_SectionTestcases.TC_135_Check_order_samples_after_signin -->
