<?xml version="1.0" encoding="UTF-8"?>
<!-- Generated by org.testng.reporters.JUnitReportReporter -->
<testsuite hostname="LAPTOP-CGUJBJB4" failures="0" tests="1" name="PDP_SectionTestcases.TC_130_Check_in_ordersample_range_cm" time="12.373" errors="0" timestamp="2023-09-13T18:59:59 IST" skipped="0">
  <testcase classname="PDP_SectionTestcases.TC_130_Check_in_ordersample_range_cm" name="check_ordersample_range_cm_Test" time="12.373"/>
</testsuite> <!-- PDP_SectionTestcases.TC_130_Check_in_ordersample_range_cm -->
