<?xml version="1.0" encoding="UTF-8"?>
<!-- Generated by org.testng.reporters.JUnitReportReporter -->
<testsuite hostname="LAPTOP-CGUJBJB4" failures="0" tests="1" name="homepagetestcases.TC_085_Check_Why_choose_handmade" time="2.332" errors="0" timestamp="2023-09-22T19:59:09 IST" skipped="0">
  <testcase classname="homepagetestcases.TC_085_Check_Why_choose_handmade" name="check_why_choose_handmade" time="2.332"/>
</testsuite> <!-- homepagetestcases.TC_085_Check_Why_choose_handmade -->
