<?xml version="1.0" encoding="UTF-8"?>
<!-- Generated by org.testng.reporters.JUnitReportReporter -->
<testsuite hostname="LAPTOP-CGUJBJB4" failures="0" tests="1" name="PDP_SectionTestcases.TC_119_Check_color_displays_color_name_leftside" time="10.241" errors="0" timestamp="2023-09-05T17:17:29 IST" skipped="0">
  <testcase classname="PDP_SectionTestcases.TC_119_Check_color_displays_color_name_leftside" name="check_all_default_options_Test" time="10.241"/>
</testsuite> <!-- PDP_SectionTestcases.TC_119_Check_color_displays_color_name_leftside -->
