<?xml version="1.0" encoding="UTF-8"?>
<!-- Generated by org.testng.reporters.JUnitReportReporter -->
<testsuite hostname="LAPTOP-CGUJBJB4" failures="0" tests="1" name="filterSectionTestcases.TC_087_Check_Filter_Section_Dropdown" time="23.432" errors="0" timestamp="2023-09-22T19:59:09 IST" skipped="0">
  <testcase classname="filterSectionTestcases.TC_087_Check_Filter_Section_Dropdown" name="check_filter_section_dropdown_Test" time="23.432"/>
</testsuite> <!-- filterSectionTestcases.TC_087_Check_Filter_Section_Dropdown -->
